c:\users\aaron\source\repos\crucible_game\crucible_game\x64\debug\vc141.pdb
c:\users\aaron\source\repos\crucible_game\crucible_game\x64\debug\vc141.idb
c:\users\aaron\source\repos\crucible_game\crucible_game\x64\debug\animationhandler.nativecodeanalysis.xml
c:\users\aaron\source\repos\crucible_game\crucible_game\x64\debug\game.nativecodeanalysis.xml
c:\users\aaron\source\repos\crucible_game\crucible_game\x64\debug\gui.nativecodeanalysis.xml
c:\users\aaron\source\repos\crucible_game\crucible_game\x64\debug\helper.nativecodeanalysis.xml
c:\users\aaron\source\repos\crucible_game\crucible_game\x64\debug\hud.nativecodeanalysis.xml
c:\users\aaron\source\repos\crucible_game\crucible_game\x64\debug\main.nativecodeanalysis.xml
c:\users\aaron\source\repos\crucible_game\crucible_game\x64\debug\map.nativecodeanalysis.xml
c:\users\aaron\source\repos\crucible_game\crucible_game\x64\debug\menustate.nativecodeanalysis.xml
c:\users\aaron\source\repos\crucible_game\crucible_game\x64\debug\player.nativecodeanalysis.xml
c:\users\aaron\source\repos\crucible_game\crucible_game\x64\debug\teststate.nativecodeanalysis.xml
c:\users\aaron\source\repos\crucible_game\crucible_game\x64\debug\texturemanager.nativecodeanalysis.xml
c:\users\aaron\source\repos\crucible_game\crucible_game\x64\debug\tile.nativecodeanalysis.xml
c:\users\aaron\source\repos\crucible_game\crucible_game\x64\debug\tile.obj
c:\users\aaron\source\repos\crucible_game\crucible_game\x64\debug\texturemanager.obj
c:\users\aaron\source\repos\crucible_game\crucible_game\x64\debug\teststate.obj
c:\users\aaron\source\repos\crucible_game\crucible_game\x64\debug\player.obj
c:\users\aaron\source\repos\crucible_game\crucible_game\x64\debug\menustate.obj
c:\users\aaron\source\repos\crucible_game\crucible_game\x64\debug\map.obj
c:\users\aaron\source\repos\crucible_game\crucible_game\x64\debug\main.obj
c:\users\aaron\source\repos\crucible_game\crucible_game\x64\debug\hud.obj
c:\users\aaron\source\repos\crucible_game\crucible_game\x64\debug\helper.obj
c:\users\aaron\source\repos\crucible_game\crucible_game\x64\debug\gui.obj
c:\users\aaron\source\repos\crucible_game\crucible_game\x64\debug\game.obj
c:\users\aaron\source\repos\crucible_game\crucible_game\x64\debug\animationhandler.obj
c:\users\aaron\source\repos\crucible_game\crucible_game\x64\debug\nativecodeanalysis.read.1.tlog
c:\users\aaron\source\repos\crucible_game\crucible_game\x64\debug\vc.nativecodeanalysis.all.xml
c:\users\aaron\source\repos\crucible_game\x64\debug\crucible_game.pdb
c:\users\aaron\source\repos\crucible_game\x64\debug\crucible_game.ilk
c:\users\aaron\source\repos\crucible_game\x64\debug\crucible_game.exe.lastcodeanalysissucceeded
c:\users\aaron\source\repos\crucible_game\crucible_game\x64\debug\crucible_game.tlog\cl.command.1.tlog
c:\users\aaron\source\repos\crucible_game\crucible_game\x64\debug\crucible_game.tlog\cl.read.1.tlog
c:\users\aaron\source\repos\crucible_game\crucible_game\x64\debug\crucible_game.tlog\cl.write.1.tlog
c:\users\aaron\source\repos\crucible_game\crucible_game\x64\debug\crucible_game.tlog\link.command.1.tlog
c:\users\aaron\source\repos\crucible_game\crucible_game\x64\debug\crucible_game.tlog\link.read.1.tlog
c:\users\aaron\source\repos\crucible_game\crucible_game\x64\debug\crucible_game.tlog\link.write.1.tlog
